<?xml version="1.0" encoding="UTF-8"?>
<testsuite xmlns:xsi="http://www.w3.org/2001/XMLSchema-instance" xsi:noNamespaceSchemaLocation="https://maven.apache.org/surefire/maven-surefire-plugin/xsd/surefire-test-report-3.0.xsd" version="3.0" name="ss.finance.AppTest" time="0.023" tests="1" errors="0" skipped="0" failures="0">
  <properties>
    <property name="java.specification.version" value="23"/>
    <property name="sun.jnu.encoding" value="UTF-8"/>
    <property name="java.class.path" value="/Users/svitjesenk/Documents/Fakultet/3. letnik/1. semester/Postopki razvoja programske opreme/Projekt/Project-07/backend/backend/target/test-classes:/Users/svitjesenk/Documents/Fakultet/3. letnik/1. semester/Postopki razvoja programske opreme/Projekt/Project-07/backend/backend/target/classes:/Users/svitjesenk/.m2/repository/junit/junit/3.8.1/junit-3.8.1.jar:"/>
    <property name="java.vm.vendor" value="Homebrew"/>
    <property name="sun.arch.data.model" value="64"/>
    <property name="java.vendor.url" value="https://github.com/Homebrew/homebrew-core/issues"/>
    <property name="os.name" value="Mac OS X"/>
    <property name="java.vm.specification.version" value="23"/>
    <property name="sun.java.launcher" value="SUN_STANDARD"/>
    <property name="user.country" value="SI"/>
    <property name="sun.boot.library.path" value="/opt/homebrew/Cellar/openjdk/23/libexec/openjdk.jdk/Contents/Home/lib"/>
    <property name="sun.java.command" value="/Users/svitjesenk/Documents/Fakultet/3. letnik/1. semester/Postopki razvoja programske opreme/Projekt/Project-07/backend/backend/target/surefire/surefirebooter-20241119181244763_3.jar /Users/svitjesenk/Documents/Fakultet/3. letnik/1. semester/Postopki razvoja programske opreme/Projekt/Project-07/backend/backend/target/surefire 2024-11-19T18-12-44_702-jvmRun1 surefire-20241119181244763_1tmp surefire_0-20241119181244763_2tmp"/>
    <property name="jdk.debug" value="release"/>
    <property name="surefire.test.class.path" value="/Users/svitjesenk/Documents/Fakultet/3. letnik/1. semester/Postopki razvoja programske opreme/Projekt/Project-07/backend/backend/target/test-classes:/Users/svitjesenk/Documents/Fakultet/3. letnik/1. semester/Postopki razvoja programske opreme/Projekt/Project-07/backend/backend/target/classes:/Users/svitjesenk/.m2/repository/junit/junit/3.8.1/junit-3.8.1.jar:"/>
    <property name="sun.cpu.endian" value="little"/>
    <property name="user.home" value="/Users/svitjesenk"/>
    <property name="user.language" value="en"/>
    <property name="java.specification.vendor" value="Oracle Corporation"/>
    <property name="java.version.date" value="2024-09-17"/>
    <property name="java.home" value="/opt/homebrew/Cellar/openjdk/23/libexec/openjdk.jdk/Contents/Home"/>
    <property name="file.separator" value="/"/>
    <property name="basedir" value="/Users/svitjesenk/Documents/Fakultet/3. letnik/1. semester/Postopki razvoja programske opreme/Projekt/Project-07/backend/backend"/>
    <property name="java.vm.compressedOopsMode" value="Zero based"/>
    <property name="line.separator" value="&#10;"/>
    <property name="java.specification.name" value="Java Platform API Specification"/>
    <property name="java.vm.specification.vendor" value="Oracle Corporation"/>
    <property name="apple.awt.application.name" value="ForkedBooter"/>
    <property name="surefire.real.class.path" value="/Users/svitjesenk/Documents/Fakultet/3. letnik/1. semester/Postopki razvoja programske opreme/Projekt/Project-07/backend/backend/target/surefire/surefirebooter-20241119181244763_3.jar"/>
    <property name="sun.management.compiler" value="HotSpot 64-Bit Tiered Compilers"/>
    <property name="java.runtime.version" value="23"/>
    <property name="user.name" value="svitjesenk"/>
    <property name="stdout.encoding" value="UTF-8"/>
    <property name="path.separator" value=":"/>
    <property name="os.version" value="15.0.1"/>
    <property name="java.runtime.name" value="OpenJDK Runtime Environment"/>
    <property name="file.encoding" value="UTF-8"/>
    <property name="java.vm.name" value="OpenJDK 64-Bit Server VM"/>
    <property name="java.vendor.version" value="Homebrew"/>
    <property name="localRepository" value="/Users/svitjesenk/.m2/repository"/>
    <property name="java.vendor.url.bug" value="https://github.com/Homebrew/homebrew-core/issues"/>
    <property name="java.io.tmpdir" value="/var/folders/t0/4zf9n8fn3mzbflwnlklr1nk00000gn/T/"/>
    <property name="java.version" value="23"/>
    <property name="user.dir" value="/Users/svitjesenk/Documents/Fakultet/3. letnik/1. semester/Postopki razvoja programske opreme/Projekt/Project-07/backend/backend"/>
    <property name="os.arch" value="aarch64"/>
    <property name="java.vm.specification.name" value="Java Virtual Machine Specification"/>
    <property name="native.encoding" value="UTF-8"/>
    <property name="java.library.path" value="/Users/svitjesenk/Library/Java/Extensions:/Library/Java/Extensions:/Network/Library/Java/Extensions:/System/Library/Java/Extensions:/usr/lib/java:."/>
    <property name="java.vm.info" value="mixed mode, sharing"/>
    <property name="stderr.encoding" value="UTF-8"/>
    <property name="java.vendor" value="Homebrew"/>
    <property name="java.vm.version" value="23"/>
    <property name="sun.io.unicode.encoding" value="UnicodeBig"/>
    <property name="java.class.version" value="67.0"/>
  </properties>
  <testcase name="testApp" classname="ss.finance.AppTest" time="0.001"/>
</testsuite>