<?xml version="1.0" encoding="UTF-8"?>
<testsuite xmlns:xsi="http://www.w3.org/2001/XMLSchema-instance" xsi:noNamespaceSchemaLocation="https://maven.apache.org/surefire/maven-surefire-plugin/xsd/surefire-test-report-3.0.xsd" version="3.0" name="ss.finance.AppTest" time="0.015" tests="1" errors="0" skipped="0" failures="0">
  <properties>
    <property name="java.specification.version" value="23"/>
    <property name="sun.jnu.encoding" value="UTF-8"/>
    <property name="java.class.path" value="/Users/svitjesenk/Documents/Fakultet/3. letnik/1. semester/Postopki razvoja programske opreme/Projekt/Project-07/backend/debt-tracking-service/target/test-classes:/Users/svitjesenk/Documents/Fakultet/3. letnik/1. semester/Postopki razvoja programske opreme/Projekt/Project-07/backend/debt-tracking-service/target/classes:/Users/svitjesenk/.m2/repository/com/kumuluz/ee/kumuluzee-core/4.0.0/kumuluzee-core-4.0.0.jar:/Users/svitjesenk/.m2/repository/com/kumuluz/ee/kumuluzee-common/4.0.0/kumuluzee-common-4.0.0.jar:/Users/svitjesenk/.m2/repository/jakarta/annotation/jakarta.annotation-api/1.3.5/jakarta.annotation-api-1.3.5.jar:/Users/svitjesenk/.m2/repository/jakarta/servlet/jakarta.servlet-api/4.0.4/jakarta.servlet-api-4.0.4.jar:/Users/svitjesenk/.m2/repository/jakarta/transaction/jakarta.transaction-api/1.3.3/jakarta.transaction-api-1.3.3.jar:/Users/svitjesenk/.m2/repository/io/agroal/agroal-api/1.9/agroal-api-1.9.jar:/Users/svitjesenk/.m2/repository/io/agroal/agroal-hikari/1.9/agroal-hikari-1.9.jar:/Users/svitjesenk/.m2/repository/com/zaxxer/HikariCP/3.4.5/HikariCP-3.4.5.jar:/Users/svitjesenk/.m2/repository/io/agroal/agroal-pool/1.9/agroal-pool-1.9.jar:/Users/svitjesenk/.m2/repository/org/yaml/snakeyaml/1.27/snakeyaml-1.27.jar:/Users/svitjesenk/.m2/repository/com/kumuluz/ee/kumuluzee-servlet-jetty/4.0.0/kumuluzee-servlet-jetty-4.0.0.jar:/Users/svitjesenk/.m2/repository/org/eclipse/jetty/jetty-alpn-java-server/10.0.9/jetty-alpn-java-server-10.0.9.jar:/Users/svitjesenk/.m2/repository/org/eclipse/jetty/jetty-io/10.0.9/jetty-io-10.0.9.jar:/Users/svitjesenk/.m2/repository/org/slf4j/slf4j-api/2.0.0-alpha6/slf4j-api-2.0.0-alpha6.jar:/Users/svitjesenk/.m2/repository/org/eclipse/jetty/jetty-alpn-java-client/10.0.9/jetty-alpn-java-client-10.0.9.jar:/Users/svitjesenk/.m2/repository/org/eclipse/jetty/jetty-alpn-client/10.0.9/jetty-alpn-client-10.0.9.jar:/Users/svitjesenk/.m2/repository/org/eclipse/jetty/jetty-webapp/10.0.9/jetty-webapp-10.0.9.jar:/Users/svitjesenk/.m2/repository/org/eclipse/jetty/jetty-servlet/10.0.9/jetty-servlet-10.0.9.jar:/Users/svitjesenk/.m2/repository/org/eclipse/jetty/jetty-security/10.0.9/jetty-security-10.0.9.jar:/Users/svitjesenk/.m2/repository/org/eclipse/jetty/jetty-xml/10.0.9/jetty-xml-10.0.9.jar:/Users/svitjesenk/.m2/repository/org/eclipse/jetty/jetty-annotations/10.0.9/jetty-annotations-10.0.9.jar:/Users/svitjesenk/.m2/repository/org/eclipse/jetty/jetty-plus/10.0.9/jetty-plus-10.0.9.jar:/Users/svitjesenk/.m2/repository/org/ow2/asm/asm/9.2/asm-9.2.jar:/Users/svitjesenk/.m2/repository/org/ow2/asm/asm-commons/9.2/asm-commons-9.2.jar:/Users/svitjesenk/.m2/repository/org/ow2/asm/asm-tree/9.2/asm-tree-9.2.jar:/Users/svitjesenk/.m2/repository/org/ow2/asm/asm-analysis/9.2/asm-analysis-9.2.jar:/Users/svitjesenk/.m2/repository/org/eclipse/jetty/jetty-jndi/10.0.9/jetty-jndi-10.0.9.jar:/Users/svitjesenk/.m2/repository/org/eclipse/jetty/jetty-util/10.0.9/jetty-util-10.0.9.jar:/Users/svitjesenk/.m2/repository/org/eclipse/jetty/http2/http2-server/10.0.9/http2-server-10.0.9.jar:/Users/svitjesenk/.m2/repository/org/eclipse/jetty/http2/http2-common/10.0.9/http2-common-10.0.9.jar:/Users/svitjesenk/.m2/repository/org/eclipse/jetty/http2/http2-hpack/10.0.9/http2-hpack-10.0.9.jar:/Users/svitjesenk/.m2/repository/org/eclipse/jetty/jetty-server/10.0.9/jetty-server-10.0.9.jar:/Users/svitjesenk/.m2/repository/org/eclipse/jetty/toolchain/jetty-servlet-api/4.0.6/jetty-servlet-api-4.0.6.jar:/Users/svitjesenk/.m2/repository/org/eclipse/jetty/jetty-http/10.0.9/jetty-http-10.0.9.jar:/Users/svitjesenk/.m2/repository/org/eclipse/jetty/jetty-alpn-server/10.0.9/jetty-alpn-server-10.0.9.jar:/Users/svitjesenk/.m2/repository/org/eclipse/jetty/http2/http2-http-client-transport/10.0.9/http2-http-client-transport-10.0.9.jar:/Users/svitjesenk/.m2/repository/org/eclipse/jetty/jetty-client/10.0.9/jetty-client-10.0.9.jar:/Users/svitjesenk/.m2/repository/org/eclipse/jetty/http2/http2-client/10.0.9/http2-client-10.0.9.jar:/Users/svitjesenk/.m2/repository/org/slf4j/slf4j-jdk14/2.0.0-alpha6/slf4j-jdk14-2.0.0-alpha6.jar:/Users/svitjesenk/.m2/repository/com/kumuluz/ee/kumuluzee-jax-rs-jersey/4.0.0/kumuluzee-jax-rs-jersey-4.0.0.jar:/Users/svitjesenk/.m2/repository/org/glassfish/jersey/containers/jersey-container-servlet/2.34/jersey-container-servlet-2.34.jar:/Users/svitjesenk/.m2/repository/org/glassfish/jersey/containers/jersey-container-servlet-core/2.34/jersey-container-servlet-core-2.34.jar:/Users/svitjesenk/.m2/repository/org/glassfish/jersey/core/jersey-common/2.34/jersey-common-2.34.jar:/Users/svitjesenk/.m2/repository/org/glassfish/hk2/osgi-resource-locator/1.0.3/osgi-resource-locator-1.0.3.jar:/Users/svitjesenk/.m2/repository/org/glassfish/jersey/core/jersey-server/2.34/jersey-server-2.34.jar:/Users/svitjesenk/.m2/repository/org/glassfish/jersey/core/jersey-client/2.34/jersey-client-2.34.jar:/Users/svitjesenk/.m2/repository/jakarta/validation/jakarta.validation-api/2.0.2/jakarta.validation-api-2.0.2.jar:/Users/svitjesenk/.m2/repository/jakarta/ws/rs/jakarta.ws.rs-api/2.1.6/jakarta.ws.rs-api-2.1.6.jar:/Users/svitjesenk/.m2/repository/org/glassfish/jersey/media/jersey-media-sse/2.34/jersey-media-sse-2.34.jar:/Users/svitjesenk/.m2/repository/org/glassfish/hk2/external/jakarta.inject/2.6.1/jakarta.inject-2.6.1.jar:/Users/svitjesenk/.m2/repository/org/glassfish/jersey/media/jersey-media-json-jackson/2.34/jersey-media-json-jackson-2.34.jar:/Users/svitjesenk/.m2/repository/org/glassfish/jersey/ext/jersey-entity-filtering/2.34/jersey-entity-filtering-2.34.jar:/Users/svitjesenk/.m2/repository/com/fasterxml/jackson/core/jackson-annotations/2.12.0/jackson-annotations-2.12.0.jar:/Users/svitjesenk/.m2/repository/com/fasterxml/jackson/core/jackson-databind/2.12.0/jackson-databind-2.12.0.jar:/Users/svitjesenk/.m2/repository/com/fasterxml/jackson/core/jackson-core/2.12.0/jackson-core-2.12.0.jar:/Users/svitjesenk/.m2/repository/com/fasterxml/jackson/module/jackson-module-jaxb-annotations/2.12.0/jackson-module-jaxb-annotations-2.12.0.jar:/Users/svitjesenk/.m2/repository/jakarta/activation/jakarta.activation-api/1.2.1/jakarta.activation-api-1.2.1.jar:/Users/svitjesenk/.m2/repository/org/glassfish/jersey/inject/jersey-hk2/2.34/jersey-hk2-2.34.jar:/Users/svitjesenk/.m2/repository/org/glassfish/hk2/hk2-locator/2.6.1/hk2-locator-2.6.1.jar:/Users/svitjesenk/.m2/repository/org/glassfish/hk2/external/aopalliance-repackaged/2.6.1/aopalliance-repackaged-2.6.1.jar:/Users/svitjesenk/.m2/repository/org/glassfish/hk2/hk2-api/2.6.1/hk2-api-2.6.1.jar:/Users/svitjesenk/.m2/repository/org/glassfish/hk2/hk2-utils/2.6.1/hk2-utils-2.6.1.jar:/Users/svitjesenk/.m2/repository/org/glassfish/jersey/ext/cdi/jersey-cdi1x-servlet/2.34/jersey-cdi1x-servlet-2.34.jar:/Users/svitjesenk/.m2/repository/org/glassfish/jersey/ext/cdi/jersey-cdi1x/2.34/jersey-cdi1x-2.34.jar:/Users/svitjesenk/.m2/repository/jakarta/enterprise/jakarta.enterprise.cdi-api/2.0.2/jakarta.enterprise.cdi-api-2.0.2.jar:/Users/svitjesenk/.m2/repository/jakarta/inject/jakarta.inject-api/1.0.3/jakarta.inject-api-1.0.3.jar:/Users/svitjesenk/.m2/repository/org/javassist/javassist/3.27.0-GA/javassist-3.27.0-GA.jar:/Users/svitjesenk/.m2/repository/com/fasterxml/jackson/jaxrs/jackson-jaxrs-json-provider/2.12.0/jackson-jaxrs-json-provider-2.12.0.jar:/Users/svitjesenk/.m2/repository/com/fasterxml/jackson/jaxrs/jackson-jaxrs-base/2.12.0/jackson-jaxrs-base-2.12.0.jar:/Users/svitjesenk/.m2/repository/org/glassfish/jersey/connectors/jersey-jetty-connector/2.34/jersey-jetty-connector-2.34.jar:/Users/svitjesenk/.m2/repository/javax/activation/activation/1.1.1/activation-1.1.1.jar:/Users/svitjesenk/.m2/repository/javax/xml/bind/jaxb-api/2.3.1/jaxb-api-2.3.1.jar:/Users/svitjesenk/.m2/repository/javax/activation/javax.activation-api/1.2.0/javax.activation-api-1.2.0.jar:/Users/svitjesenk/.m2/repository/com/kumuluz/ee/kumuluzee-cdi-weld/4.0.0/kumuluzee-cdi-weld-4.0.0.jar:/Users/svitjesenk/.m2/repository/jakarta/interceptor/jakarta.interceptor-api/1.2.5/jakarta.interceptor-api-1.2.5.jar:/Users/svitjesenk/.m2/repository/jakarta/el/jakarta.el-api/3.0.3/jakarta.el-api-3.0.3.jar:/Users/svitjesenk/.m2/repository/org/jboss/jandex/2.2.2.Final/jandex-2.2.2.Final.jar:/Users/svitjesenk/.m2/repository/org/jboss/logging/jboss-logging/3.3.2.Final/jboss-logging-3.3.2.Final.jar:/Users/svitjesenk/.m2/repository/org/glassfish/jersey/ext/cdi/jersey-cdi1x-ban-custom-hk2-binding/2.34/jersey-cdi1x-ban-custom-hk2-binding-2.34.jar:/Users/svitjesenk/.m2/repository/com/kumuluz/ee/logs/kumuluzee-logs-log4j2/1.4.6/kumuluzee-logs-log4j2-1.4.6.jar:/Users/svitjesenk/.m2/repository/com/kumuluz/ee/logs/kumuluzee-logs-common/1.4.6/kumuluzee-logs-common-1.4.6.jar:/Users/svitjesenk/.m2/repository/org/apache/logging/log4j/log4j-api/2.17.1/log4j-api-2.17.1.jar:/Users/svitjesenk/.m2/repository/org/apache/logging/log4j/log4j-core/2.17.1/log4j-core-2.17.1.jar:/Users/svitjesenk/.m2/repository/com/lmax/disruptor/3.4.2/disruptor-3.4.2.jar:/Users/svitjesenk/.m2/repository/org/apache/logging/log4j/log4j-slf4j-impl/2.17.1/log4j-slf4j-impl-2.17.1.jar:/Users/svitjesenk/.m2/repository/org/apache/logging/log4j/log4j-jcl/2.17.1/log4j-jcl-2.17.1.jar:/Users/svitjesenk/.m2/repository/commons-logging/commons-logging/1.2/commons-logging-1.2.jar:/Users/svitjesenk/.m2/repository/org/apache/logging/log4j/log4j-jul/2.17.1/log4j-jul-2.17.1.jar:/Users/svitjesenk/Documents/Fakultet/3. letnik/1. semester/Postopki razvoja programske opreme/Projekt/Project-07/backend/common/target/common-1.0-SNAPSHOT.jar:/Users/svitjesenk/.m2/repository/io/jsonwebtoken/jjwt/0.9.1/jjwt-0.9.1.jar:/Users/svitjesenk/.m2/repository/io/github/cdimascio/dotenv-java/3.0.0/dotenv-java-3.0.0.jar:/Users/svitjesenk/.m2/repository/io/jsonwebtoken/jjwt-api/0.11.5/jjwt-api-0.11.5.jar:/Users/svitjesenk/.m2/repository/io/jsonwebtoken/jjwt-impl/0.11.5/jjwt-impl-0.11.5.jar:/Users/svitjesenk/.m2/repository/io/jsonwebtoken/jjwt-jackson/0.11.5/jjwt-jackson-0.11.5.jar:/Users/svitjesenk/.m2/repository/org/junit/jupiter/junit-jupiter/5.8.1/junit-jupiter-5.8.1.jar:/Users/svitjesenk/.m2/repository/org/junit/jupiter/junit-jupiter-api/5.8.1/junit-jupiter-api-5.8.1.jar:/Users/svitjesenk/.m2/repository/org/opentest4j/opentest4j/1.2.0/opentest4j-1.2.0.jar:/Users/svitjesenk/.m2/repository/org/junit/platform/junit-platform-commons/1.8.1/junit-platform-commons-1.8.1.jar:/Users/svitjesenk/.m2/repository/org/apiguardian/apiguardian-api/1.1.2/apiguardian-api-1.1.2.jar:/Users/svitjesenk/.m2/repository/org/junit/jupiter/junit-jupiter-params/5.8.1/junit-jupiter-params-5.8.1.jar:/Users/svitjesenk/.m2/repository/org/junit/jupiter/junit-jupiter-engine/5.8.1/junit-jupiter-engine-5.8.1.jar:/Users/svitjesenk/.m2/repository/org/junit/platform/junit-platform-engine/1.8.1/junit-platform-engine-1.8.1.jar:/Users/svitjesenk/.m2/repository/org/mongodb/mongodb-driver-sync/5.2.1/mongodb-driver-sync-5.2.1.jar:/Users/svitjesenk/.m2/repository/org/mongodb/bson/5.2.1/bson-5.2.1.jar:/Users/svitjesenk/.m2/repository/org/mongodb/mongodb-driver-core/5.2.1/mongodb-driver-core-5.2.1.jar:/Users/svitjesenk/.m2/repository/org/mongodb/bson-record-codec/5.2.1/bson-record-codec-5.2.1.jar:/Users/svitjesenk/.m2/repository/org/mockito/mockito-core/4.10.0/mockito-core-4.10.0.jar:/Users/svitjesenk/.m2/repository/net/bytebuddy/byte-buddy/1.12.19/byte-buddy-1.12.19.jar:/Users/svitjesenk/.m2/repository/net/bytebuddy/byte-buddy-agent/1.12.19/byte-buddy-agent-1.12.19.jar:/Users/svitjesenk/.m2/repository/org/objenesis/objenesis/3.3/objenesis-3.3.jar:/Users/svitjesenk/.m2/repository/io/rest-assured/rest-assured/4.4.0/rest-assured-4.4.0.jar:/Users/svitjesenk/.m2/repository/org/codehaus/groovy/groovy/3.0.8/groovy-3.0.8.jar:/Users/svitjesenk/.m2/repository/org/codehaus/groovy/groovy-xml/3.0.8/groovy-xml-3.0.8.jar:/Users/svitjesenk/.m2/repository/org/apache/httpcomponents/httpclient/4.5.13/httpclient-4.5.13.jar:/Users/svitjesenk/.m2/repository/org/apache/httpcomponents/httpcore/4.4.13/httpcore-4.4.13.jar:/Users/svitjesenk/.m2/repository/commons-codec/commons-codec/1.11/commons-codec-1.11.jar:/Users/svitjesenk/.m2/repository/org/apache/httpcomponents/httpmime/4.5.13/httpmime-4.5.13.jar:/Users/svitjesenk/.m2/repository/org/hamcrest/hamcrest/2.1/hamcrest-2.1.jar:/Users/svitjesenk/.m2/repository/org/ccil/cowan/tagsoup/tagsoup/1.2.1/tagsoup-1.2.1.jar:/Users/svitjesenk/.m2/repository/io/rest-assured/json-path/4.4.0/json-path-4.4.0.jar:/Users/svitjesenk/.m2/repository/org/codehaus/groovy/groovy-json/3.0.8/groovy-json-3.0.8.jar:/Users/svitjesenk/.m2/repository/io/rest-assured/rest-assured-common/4.4.0/rest-assured-common-4.4.0.jar:/Users/svitjesenk/.m2/repository/io/rest-assured/xml-path/4.4.0/xml-path-4.4.0.jar:/Users/svitjesenk/.m2/repository/jakarta/xml/bind/jakarta.xml.bind-api/2.3.3/jakarta.xml.bind-api-2.3.3.jar:/Users/svitjesenk/.m2/repository/com/sun/xml/bind/jaxb-impl/2.3.3/jaxb-impl-2.3.3.jar:/Users/svitjesenk/.m2/repository/org/jboss/weld/servlet/weld-servlet-core/3.1.8.Final/weld-servlet-core-3.1.8.Final.jar:/Users/svitjesenk/.m2/repository/org/jboss/weld/environment/weld-environment-common/3.1.8.Final/weld-environment-common-3.1.8.Final.jar:/Users/svitjesenk/.m2/repository/org/jboss/weld/weld-core-impl/3.1.8.Final/weld-core-impl-3.1.8.Final.jar:/Users/svitjesenk/.m2/repository/org/jboss/spec/javax/annotation/jboss-annotations-api_1.3_spec/2.0.1.Final/jboss-annotations-api_1.3_spec-2.0.1.Final.jar:/Users/svitjesenk/.m2/repository/org/jboss/spec/javax/interceptor/jboss-interceptors-api_1.2_spec/2.0.0.Final/jboss-interceptors-api_1.2_spec-2.0.0.Final.jar:/Users/svitjesenk/.m2/repository/org/jboss/weld/weld-spi/3.1.SP4/weld-spi-3.1.SP4.jar:/Users/svitjesenk/.m2/repository/org/jboss/weld/weld-api/3.1.SP4/weld-api-3.1.SP4.jar:/Users/svitjesenk/.m2/repository/org/jboss/weld/probe/weld-probe-core/3.1.8.Final/weld-probe-core-3.1.8.Final.jar:/Users/svitjesenk/.m2/repository/org/jboss/weld/module/weld-jsf/3.1.8.Final/weld-jsf-3.1.8.Final.jar:/Users/svitjesenk/.m2/repository/org/jboss/weld/module/weld-web/3.1.8.Final/weld-web-3.1.8.Final.jar:/Users/svitjesenk/.m2/repository/org/jboss/spec/javax/el/jboss-el-api_3.0_spec/2.0.0.Final/jboss-el-api_3.0_spec-2.0.0.Final.jar:/Users/svitjesenk/.m2/repository/org/jboss/classfilewriter/jboss-classfilewriter/1.2.5.Final/jboss-classfilewriter-1.2.5.Final.jar:/Users/svitjesenk/.m2/repository/com/kumuluz/ee/openapi/kumuluzee-openapi-mp/1.4.0/kumuluzee-openapi-mp-1.4.0.jar:/Users/svitjesenk/.m2/repository/com/kumuluz/ee/openapi/kumuluzee-openapi-mp-common/1.4.0/kumuluzee-openapi-mp-common-1.4.0.jar:/Users/svitjesenk/.m2/repository/io/smallrye/smallrye-open-api-core/2.0.14/smallrye-open-api-core-2.0.14.jar:/Users/svitjesenk/.m2/repository/com/fasterxml/jackson/dataformat/jackson-dataformat-yaml/2.12.0/jackson-dataformat-yaml-2.12.0.jar:/Users/svitjesenk/.m2/repository/io/github/classgraph/classgraph/4.8.90/classgraph-4.8.90.jar:/Users/svitjesenk/.m2/repository/io/smallrye/smallrye-open-api-jaxrs/2.0.14/smallrye-open-api-jaxrs-2.0.14.jar:/Users/svitjesenk/.m2/repository/com/kumuluz/ee/config/kumuluzee-config-mp/1.4.0/kumuluzee-config-mp-1.4.0.jar:/Users/svitjesenk/.m2/repository/org/eclipse/microprofile/config/microprofile-config-api/1.4/microprofile-config-api-1.4.jar:/Users/svitjesenk/.m2/repository/com/kumuluz/ee/openapi/kumuluzee-openapi-mp-ui/1.4.0/kumuluzee-openapi-mp-ui-1.4.0.jar:/Users/svitjesenk/.m2/repository/com/kumuluz/ee/swagger/kumuluzee-swagger-ui/1.2.2/kumuluzee-swagger-ui-1.2.2.jar:/Users/svitjesenk/.m2/repository/io/swagger/swagger-annotations/1.5.21/swagger-annotations-1.5.21.jar:/Users/svitjesenk/.m2/repository/org/apache/commons/commons-lang3/3.6/commons-lang3-3.6.jar:/Users/svitjesenk/.m2/repository/org/eclipse/microprofile/openapi/microprofile-openapi-api/1.1.2/microprofile-openapi-api-1.1.2.jar:/Users/svitjesenk/.m2/repository/org/osgi/org.osgi.annotation.versioning/1.0.0/org.osgi.annotation.versioning-1.0.0.jar:/Users/svitjesenk/.m2/repository/org/json/json/20241224/json-20241224.jar:"/>
    <property name="java.vm.vendor" value="Homebrew"/>
    <property name="sun.arch.data.model" value="64"/>
    <property name="java.vendor.url" value="https://github.com/Homebrew/homebrew-core/issues"/>
    <property name="os.name" value="Mac OS X"/>
    <property name="java.vm.specification.version" value="23"/>
    <property name="sun.java.launcher" value="SUN_STANDARD"/>
    <property name="user.country" value="SI"/>
    <property name="sun.boot.library.path" value="/opt/homebrew/Cellar/openjdk/23/libexec/openjdk.jdk/Contents/Home/lib"/>
    <property name="sun.java.command" value="/Users/svitjesenk/Documents/Fakultet/3. letnik/1. semester/Postopki razvoja programske opreme/Projekt/Project-07/backend/debt-tracking-service/target/surefire/surefirebooter-20250104234457920_12.jar /Users/svitjesenk/Documents/Fakultet/3. letnik/1. semester/Postopki razvoja programske opreme/Projekt/Project-07/backend/debt-tracking-service/target/surefire 2025-01-04T23-44-47_313-jvmRun1 surefire-20250104234457920_10tmp surefire_3-20250104234457920_11tmp"/>
    <property name="jdk.debug" value="release"/>
    <property name="surefire.test.class.path" value="/Users/svitjesenk/Documents/Fakultet/3. letnik/1. semester/Postopki razvoja programske opreme/Projekt/Project-07/backend/debt-tracking-service/target/test-classes:/Users/svitjesenk/Documents/Fakultet/3. letnik/1. semester/Postopki razvoja programske opreme/Projekt/Project-07/backend/debt-tracking-service/target/classes:/Users/svitjesenk/.m2/repository/com/kumuluz/ee/kumuluzee-core/4.0.0/kumuluzee-core-4.0.0.jar:/Users/svitjesenk/.m2/repository/com/kumuluz/ee/kumuluzee-common/4.0.0/kumuluzee-common-4.0.0.jar:/Users/svitjesenk/.m2/repository/jakarta/annotation/jakarta.annotation-api/1.3.5/jakarta.annotation-api-1.3.5.jar:/Users/svitjesenk/.m2/repository/jakarta/servlet/jakarta.servlet-api/4.0.4/jakarta.servlet-api-4.0.4.jar:/Users/svitjesenk/.m2/repository/jakarta/transaction/jakarta.transaction-api/1.3.3/jakarta.transaction-api-1.3.3.jar:/Users/svitjesenk/.m2/repository/io/agroal/agroal-api/1.9/agroal-api-1.9.jar:/Users/svitjesenk/.m2/repository/io/agroal/agroal-hikari/1.9/agroal-hikari-1.9.jar:/Users/svitjesenk/.m2/repository/com/zaxxer/HikariCP/3.4.5/HikariCP-3.4.5.jar:/Users/svitjesenk/.m2/repository/io/agroal/agroal-pool/1.9/agroal-pool-1.9.jar:/Users/svitjesenk/.m2/repository/org/yaml/snakeyaml/1.27/snakeyaml-1.27.jar:/Users/svitjesenk/.m2/repository/com/kumuluz/ee/kumuluzee-servlet-jetty/4.0.0/kumuluzee-servlet-jetty-4.0.0.jar:/Users/svitjesenk/.m2/repository/org/eclipse/jetty/jetty-alpn-java-server/10.0.9/jetty-alpn-java-server-10.0.9.jar:/Users/svitjesenk/.m2/repository/org/eclipse/jetty/jetty-io/10.0.9/jetty-io-10.0.9.jar:/Users/svitjesenk/.m2/repository/org/slf4j/slf4j-api/2.0.0-alpha6/slf4j-api-2.0.0-alpha6.jar:/Users/svitjesenk/.m2/repository/org/eclipse/jetty/jetty-alpn-java-client/10.0.9/jetty-alpn-java-client-10.0.9.jar:/Users/svitjesenk/.m2/repository/org/eclipse/jetty/jetty-alpn-client/10.0.9/jetty-alpn-client-10.0.9.jar:/Users/svitjesenk/.m2/repository/org/eclipse/jetty/jetty-webapp/10.0.9/jetty-webapp-10.0.9.jar:/Users/svitjesenk/.m2/repository/org/eclipse/jetty/jetty-servlet/10.0.9/jetty-servlet-10.0.9.jar:/Users/svitjesenk/.m2/repository/org/eclipse/jetty/jetty-security/10.0.9/jetty-security-10.0.9.jar:/Users/svitjesenk/.m2/repository/org/eclipse/jetty/jetty-xml/10.0.9/jetty-xml-10.0.9.jar:/Users/svitjesenk/.m2/repository/org/eclipse/jetty/jetty-annotations/10.0.9/jetty-annotations-10.0.9.jar:/Users/svitjesenk/.m2/repository/org/eclipse/jetty/jetty-plus/10.0.9/jetty-plus-10.0.9.jar:/Users/svitjesenk/.m2/repository/org/ow2/asm/asm/9.2/asm-9.2.jar:/Users/svitjesenk/.m2/repository/org/ow2/asm/asm-commons/9.2/asm-commons-9.2.jar:/Users/svitjesenk/.m2/repository/org/ow2/asm/asm-tree/9.2/asm-tree-9.2.jar:/Users/svitjesenk/.m2/repository/org/ow2/asm/asm-analysis/9.2/asm-analysis-9.2.jar:/Users/svitjesenk/.m2/repository/org/eclipse/jetty/jetty-jndi/10.0.9/jetty-jndi-10.0.9.jar:/Users/svitjesenk/.m2/repository/org/eclipse/jetty/jetty-util/10.0.9/jetty-util-10.0.9.jar:/Users/svitjesenk/.m2/repository/org/eclipse/jetty/http2/http2-server/10.0.9/http2-server-10.0.9.jar:/Users/svitjesenk/.m2/repository/org/eclipse/jetty/http2/http2-common/10.0.9/http2-common-10.0.9.jar:/Users/svitjesenk/.m2/repository/org/eclipse/jetty/http2/http2-hpack/10.0.9/http2-hpack-10.0.9.jar:/Users/svitjesenk/.m2/repository/org/eclipse/jetty/jetty-server/10.0.9/jetty-server-10.0.9.jar:/Users/svitjesenk/.m2/repository/org/eclipse/jetty/toolchain/jetty-servlet-api/4.0.6/jetty-servlet-api-4.0.6.jar:/Users/svitjesenk/.m2/repository/org/eclipse/jetty/jetty-http/10.0.9/jetty-http-10.0.9.jar:/Users/svitjesenk/.m2/repository/org/eclipse/jetty/jetty-alpn-server/10.0.9/jetty-alpn-server-10.0.9.jar:/Users/svitjesenk/.m2/repository/org/eclipse/jetty/http2/http2-http-client-transport/10.0.9/http2-http-client-transport-10.0.9.jar:/Users/svitjesenk/.m2/repository/org/eclipse/jetty/jetty-client/10.0.9/jetty-client-10.0.9.jar:/Users/svitjesenk/.m2/repository/org/eclipse/jetty/http2/http2-client/10.0.9/http2-client-10.0.9.jar:/Users/svitjesenk/.m2/repository/org/slf4j/slf4j-jdk14/2.0.0-alpha6/slf4j-jdk14-2.0.0-alpha6.jar:/Users/svitjesenk/.m2/repository/com/kumuluz/ee/kumuluzee-jax-rs-jersey/4.0.0/kumuluzee-jax-rs-jersey-4.0.0.jar:/Users/svitjesenk/.m2/repository/org/glassfish/jersey/containers/jersey-container-servlet/2.34/jersey-container-servlet-2.34.jar:/Users/svitjesenk/.m2/repository/org/glassfish/jersey/containers/jersey-container-servlet-core/2.34/jersey-container-servlet-core-2.34.jar:/Users/svitjesenk/.m2/repository/org/glassfish/jersey/core/jersey-common/2.34/jersey-common-2.34.jar:/Users/svitjesenk/.m2/repository/org/glassfish/hk2/osgi-resource-locator/1.0.3/osgi-resource-locator-1.0.3.jar:/Users/svitjesenk/.m2/repository/org/glassfish/jersey/core/jersey-server/2.34/jersey-server-2.34.jar:/Users/svitjesenk/.m2/repository/org/glassfish/jersey/core/jersey-client/2.34/jersey-client-2.34.jar:/Users/svitjesenk/.m2/repository/jakarta/validation/jakarta.validation-api/2.0.2/jakarta.validation-api-2.0.2.jar:/Users/svitjesenk/.m2/repository/jakarta/ws/rs/jakarta.ws.rs-api/2.1.6/jakarta.ws.rs-api-2.1.6.jar:/Users/svitjesenk/.m2/repository/org/glassfish/jersey/media/jersey-media-sse/2.34/jersey-media-sse-2.34.jar:/Users/svitjesenk/.m2/repository/org/glassfish/hk2/external/jakarta.inject/2.6.1/jakarta.inject-2.6.1.jar:/Users/svitjesenk/.m2/repository/org/glassfish/jersey/media/jersey-media-json-jackson/2.34/jersey-media-json-jackson-2.34.jar:/Users/svitjesenk/.m2/repository/org/glassfish/jersey/ext/jersey-entity-filtering/2.34/jersey-entity-filtering-2.34.jar:/Users/svitjesenk/.m2/repository/com/fasterxml/jackson/core/jackson-annotations/2.12.0/jackson-annotations-2.12.0.jar:/Users/svitjesenk/.m2/repository/com/fasterxml/jackson/core/jackson-databind/2.12.0/jackson-databind-2.12.0.jar:/Users/svitjesenk/.m2/repository/com/fasterxml/jackson/core/jackson-core/2.12.0/jackson-core-2.12.0.jar:/Users/svitjesenk/.m2/repository/com/fasterxml/jackson/module/jackson-module-jaxb-annotations/2.12.0/jackson-module-jaxb-annotations-2.12.0.jar:/Users/svitjesenk/.m2/repository/jakarta/activation/jakarta.activation-api/1.2.1/jakarta.activation-api-1.2.1.jar:/Users/svitjesenk/.m2/repository/org/glassfish/jersey/inject/jersey-hk2/2.34/jersey-hk2-2.34.jar:/Users/svitjesenk/.m2/repository/org/glassfish/hk2/hk2-locator/2.6.1/hk2-locator-2.6.1.jar:/Users/svitjesenk/.m2/repository/org/glassfish/hk2/external/aopalliance-repackaged/2.6.1/aopalliance-repackaged-2.6.1.jar:/Users/svitjesenk/.m2/repository/org/glassfish/hk2/hk2-api/2.6.1/hk2-api-2.6.1.jar:/Users/svitjesenk/.m2/repository/org/glassfish/hk2/hk2-utils/2.6.1/hk2-utils-2.6.1.jar:/Users/svitjesenk/.m2/repository/org/glassfish/jersey/ext/cdi/jersey-cdi1x-servlet/2.34/jersey-cdi1x-servlet-2.34.jar:/Users/svitjesenk/.m2/repository/org/glassfish/jersey/ext/cdi/jersey-cdi1x/2.34/jersey-cdi1x-2.34.jar:/Users/svitjesenk/.m2/repository/jakarta/enterprise/jakarta.enterprise.cdi-api/2.0.2/jakarta.enterprise.cdi-api-2.0.2.jar:/Users/svitjesenk/.m2/repository/jakarta/inject/jakarta.inject-api/1.0.3/jakarta.inject-api-1.0.3.jar:/Users/svitjesenk/.m2/repository/org/javassist/javassist/3.27.0-GA/javassist-3.27.0-GA.jar:/Users/svitjesenk/.m2/repository/com/fasterxml/jackson/jaxrs/jackson-jaxrs-json-provider/2.12.0/jackson-jaxrs-json-provider-2.12.0.jar:/Users/svitjesenk/.m2/repository/com/fasterxml/jackson/jaxrs/jackson-jaxrs-base/2.12.0/jackson-jaxrs-base-2.12.0.jar:/Users/svitjesenk/.m2/repository/org/glassfish/jersey/connectors/jersey-jetty-connector/2.34/jersey-jetty-connector-2.34.jar:/Users/svitjesenk/.m2/repository/javax/activation/activation/1.1.1/activation-1.1.1.jar:/Users/svitjesenk/.m2/repository/javax/xml/bind/jaxb-api/2.3.1/jaxb-api-2.3.1.jar:/Users/svitjesenk/.m2/repository/javax/activation/javax.activation-api/1.2.0/javax.activation-api-1.2.0.jar:/Users/svitjesenk/.m2/repository/com/kumuluz/ee/kumuluzee-cdi-weld/4.0.0/kumuluzee-cdi-weld-4.0.0.jar:/Users/svitjesenk/.m2/repository/jakarta/interceptor/jakarta.interceptor-api/1.2.5/jakarta.interceptor-api-1.2.5.jar:/Users/svitjesenk/.m2/repository/jakarta/el/jakarta.el-api/3.0.3/jakarta.el-api-3.0.3.jar:/Users/svitjesenk/.m2/repository/org/jboss/jandex/2.2.2.Final/jandex-2.2.2.Final.jar:/Users/svitjesenk/.m2/repository/org/jboss/logging/jboss-logging/3.3.2.Final/jboss-logging-3.3.2.Final.jar:/Users/svitjesenk/.m2/repository/org/glassfish/jersey/ext/cdi/jersey-cdi1x-ban-custom-hk2-binding/2.34/jersey-cdi1x-ban-custom-hk2-binding-2.34.jar:/Users/svitjesenk/.m2/repository/com/kumuluz/ee/logs/kumuluzee-logs-log4j2/1.4.6/kumuluzee-logs-log4j2-1.4.6.jar:/Users/svitjesenk/.m2/repository/com/kumuluz/ee/logs/kumuluzee-logs-common/1.4.6/kumuluzee-logs-common-1.4.6.jar:/Users/svitjesenk/.m2/repository/org/apache/logging/log4j/log4j-api/2.17.1/log4j-api-2.17.1.jar:/Users/svitjesenk/.m2/repository/org/apache/logging/log4j/log4j-core/2.17.1/log4j-core-2.17.1.jar:/Users/svitjesenk/.m2/repository/com/lmax/disruptor/3.4.2/disruptor-3.4.2.jar:/Users/svitjesenk/.m2/repository/org/apache/logging/log4j/log4j-slf4j-impl/2.17.1/log4j-slf4j-impl-2.17.1.jar:/Users/svitjesenk/.m2/repository/org/apache/logging/log4j/log4j-jcl/2.17.1/log4j-jcl-2.17.1.jar:/Users/svitjesenk/.m2/repository/commons-logging/commons-logging/1.2/commons-logging-1.2.jar:/Users/svitjesenk/.m2/repository/org/apache/logging/log4j/log4j-jul/2.17.1/log4j-jul-2.17.1.jar:/Users/svitjesenk/Documents/Fakultet/3. letnik/1. semester/Postopki razvoja programske opreme/Projekt/Project-07/backend/common/target/common-1.0-SNAPSHOT.jar:/Users/svitjesenk/.m2/repository/io/jsonwebtoken/jjwt/0.9.1/jjwt-0.9.1.jar:/Users/svitjesenk/.m2/repository/io/github/cdimascio/dotenv-java/3.0.0/dotenv-java-3.0.0.jar:/Users/svitjesenk/.m2/repository/io/jsonwebtoken/jjwt-api/0.11.5/jjwt-api-0.11.5.jar:/Users/svitjesenk/.m2/repository/io/jsonwebtoken/jjwt-impl/0.11.5/jjwt-impl-0.11.5.jar:/Users/svitjesenk/.m2/repository/io/jsonwebtoken/jjwt-jackson/0.11.5/jjwt-jackson-0.11.5.jar:/Users/svitjesenk/.m2/repository/org/junit/jupiter/junit-jupiter/5.8.1/junit-jupiter-5.8.1.jar:/Users/svitjesenk/.m2/repository/org/junit/jupiter/junit-jupiter-api/5.8.1/junit-jupiter-api-5.8.1.jar:/Users/svitjesenk/.m2/repository/org/opentest4j/opentest4j/1.2.0/opentest4j-1.2.0.jar:/Users/svitjesenk/.m2/repository/org/junit/platform/junit-platform-commons/1.8.1/junit-platform-commons-1.8.1.jar:/Users/svitjesenk/.m2/repository/org/apiguardian/apiguardian-api/1.1.2/apiguardian-api-1.1.2.jar:/Users/svitjesenk/.m2/repository/org/junit/jupiter/junit-jupiter-params/5.8.1/junit-jupiter-params-5.8.1.jar:/Users/svitjesenk/.m2/repository/org/junit/jupiter/junit-jupiter-engine/5.8.1/junit-jupiter-engine-5.8.1.jar:/Users/svitjesenk/.m2/repository/org/junit/platform/junit-platform-engine/1.8.1/junit-platform-engine-1.8.1.jar:/Users/svitjesenk/.m2/repository/org/mongodb/mongodb-driver-sync/5.2.1/mongodb-driver-sync-5.2.1.jar:/Users/svitjesenk/.m2/repository/org/mongodb/bson/5.2.1/bson-5.2.1.jar:/Users/svitjesenk/.m2/repository/org/mongodb/mongodb-driver-core/5.2.1/mongodb-driver-core-5.2.1.jar:/Users/svitjesenk/.m2/repository/org/mongodb/bson-record-codec/5.2.1/bson-record-codec-5.2.1.jar:/Users/svitjesenk/.m2/repository/org/mockito/mockito-core/4.10.0/mockito-core-4.10.0.jar:/Users/svitjesenk/.m2/repository/net/bytebuddy/byte-buddy/1.12.19/byte-buddy-1.12.19.jar:/Users/svitjesenk/.m2/repository/net/bytebuddy/byte-buddy-agent/1.12.19/byte-buddy-agent-1.12.19.jar:/Users/svitjesenk/.m2/repository/org/objenesis/objenesis/3.3/objenesis-3.3.jar:/Users/svitjesenk/.m2/repository/io/rest-assured/rest-assured/4.4.0/rest-assured-4.4.0.jar:/Users/svitjesenk/.m2/repository/org/codehaus/groovy/groovy/3.0.8/groovy-3.0.8.jar:/Users/svitjesenk/.m2/repository/org/codehaus/groovy/groovy-xml/3.0.8/groovy-xml-3.0.8.jar:/Users/svitjesenk/.m2/repository/org/apache/httpcomponents/httpclient/4.5.13/httpclient-4.5.13.jar:/Users/svitjesenk/.m2/repository/org/apache/httpcomponents/httpcore/4.4.13/httpcore-4.4.13.jar:/Users/svitjesenk/.m2/repository/commons-codec/commons-codec/1.11/commons-codec-1.11.jar:/Users/svitjesenk/.m2/repository/org/apache/httpcomponents/httpmime/4.5.13/httpmime-4.5.13.jar:/Users/svitjesenk/.m2/repository/org/hamcrest/hamcrest/2.1/hamcrest-2.1.jar:/Users/svitjesenk/.m2/repository/org/ccil/cowan/tagsoup/tagsoup/1.2.1/tagsoup-1.2.1.jar:/Users/svitjesenk/.m2/repository/io/rest-assured/json-path/4.4.0/json-path-4.4.0.jar:/Users/svitjesenk/.m2/repository/org/codehaus/groovy/groovy-json/3.0.8/groovy-json-3.0.8.jar:/Users/svitjesenk/.m2/repository/io/rest-assured/rest-assured-common/4.4.0/rest-assured-common-4.4.0.jar:/Users/svitjesenk/.m2/repository/io/rest-assured/xml-path/4.4.0/xml-path-4.4.0.jar:/Users/svitjesenk/.m2/repository/jakarta/xml/bind/jakarta.xml.bind-api/2.3.3/jakarta.xml.bind-api-2.3.3.jar:/Users/svitjesenk/.m2/repository/com/sun/xml/bind/jaxb-impl/2.3.3/jaxb-impl-2.3.3.jar:/Users/svitjesenk/.m2/repository/org/jboss/weld/servlet/weld-servlet-core/3.1.8.Final/weld-servlet-core-3.1.8.Final.jar:/Users/svitjesenk/.m2/repository/org/jboss/weld/environment/weld-environment-common/3.1.8.Final/weld-environment-common-3.1.8.Final.jar:/Users/svitjesenk/.m2/repository/org/jboss/weld/weld-core-impl/3.1.8.Final/weld-core-impl-3.1.8.Final.jar:/Users/svitjesenk/.m2/repository/org/jboss/spec/javax/annotation/jboss-annotations-api_1.3_spec/2.0.1.Final/jboss-annotations-api_1.3_spec-2.0.1.Final.jar:/Users/svitjesenk/.m2/repository/org/jboss/spec/javax/interceptor/jboss-interceptors-api_1.2_spec/2.0.0.Final/jboss-interceptors-api_1.2_spec-2.0.0.Final.jar:/Users/svitjesenk/.m2/repository/org/jboss/weld/weld-spi/3.1.SP4/weld-spi-3.1.SP4.jar:/Users/svitjesenk/.m2/repository/org/jboss/weld/weld-api/3.1.SP4/weld-api-3.1.SP4.jar:/Users/svitjesenk/.m2/repository/org/jboss/weld/probe/weld-probe-core/3.1.8.Final/weld-probe-core-3.1.8.Final.jar:/Users/svitjesenk/.m2/repository/org/jboss/weld/module/weld-jsf/3.1.8.Final/weld-jsf-3.1.8.Final.jar:/Users/svitjesenk/.m2/repository/org/jboss/weld/module/weld-web/3.1.8.Final/weld-web-3.1.8.Final.jar:/Users/svitjesenk/.m2/repository/org/jboss/spec/javax/el/jboss-el-api_3.0_spec/2.0.0.Final/jboss-el-api_3.0_spec-2.0.0.Final.jar:/Users/svitjesenk/.m2/repository/org/jboss/classfilewriter/jboss-classfilewriter/1.2.5.Final/jboss-classfilewriter-1.2.5.Final.jar:/Users/svitjesenk/.m2/repository/com/kumuluz/ee/openapi/kumuluzee-openapi-mp/1.4.0/kumuluzee-openapi-mp-1.4.0.jar:/Users/svitjesenk/.m2/repository/com/kumuluz/ee/openapi/kumuluzee-openapi-mp-common/1.4.0/kumuluzee-openapi-mp-common-1.4.0.jar:/Users/svitjesenk/.m2/repository/io/smallrye/smallrye-open-api-core/2.0.14/smallrye-open-api-core-2.0.14.jar:/Users/svitjesenk/.m2/repository/com/fasterxml/jackson/dataformat/jackson-dataformat-yaml/2.12.0/jackson-dataformat-yaml-2.12.0.jar:/Users/svitjesenk/.m2/repository/io/github/classgraph/classgraph/4.8.90/classgraph-4.8.90.jar:/Users/svitjesenk/.m2/repository/io/smallrye/smallrye-open-api-jaxrs/2.0.14/smallrye-open-api-jaxrs-2.0.14.jar:/Users/svitjesenk/.m2/repository/com/kumuluz/ee/config/kumuluzee-config-mp/1.4.0/kumuluzee-config-mp-1.4.0.jar:/Users/svitjesenk/.m2/repository/org/eclipse/microprofile/config/microprofile-config-api/1.4/microprofile-config-api-1.4.jar:/Users/svitjesenk/.m2/repository/com/kumuluz/ee/openapi/kumuluzee-openapi-mp-ui/1.4.0/kumuluzee-openapi-mp-ui-1.4.0.jar:/Users/svitjesenk/.m2/repository/com/kumuluz/ee/swagger/kumuluzee-swagger-ui/1.2.2/kumuluzee-swagger-ui-1.2.2.jar:/Users/svitjesenk/.m2/repository/io/swagger/swagger-annotations/1.5.21/swagger-annotations-1.5.21.jar:/Users/svitjesenk/.m2/repository/org/apache/commons/commons-lang3/3.6/commons-lang3-3.6.jar:/Users/svitjesenk/.m2/repository/org/eclipse/microprofile/openapi/microprofile-openapi-api/1.1.2/microprofile-openapi-api-1.1.2.jar:/Users/svitjesenk/.m2/repository/org/osgi/org.osgi.annotation.versioning/1.0.0/org.osgi.annotation.versioning-1.0.0.jar:/Users/svitjesenk/.m2/repository/org/json/json/20241224/json-20241224.jar:"/>
    <property name="sun.cpu.endian" value="little"/>
    <property name="user.home" value="/Users/svitjesenk"/>
    <property name="user.language" value="en"/>
    <property name="java.specification.vendor" value="Oracle Corporation"/>
    <property name="java.version.date" value="2024-09-17"/>
    <property name="java.home" value="/opt/homebrew/Cellar/openjdk/23/libexec/openjdk.jdk/Contents/Home"/>
    <property name="file.separator" value="/"/>
    <property name="basedir" value="/Users/svitjesenk/Documents/Fakultet/3. letnik/1. semester/Postopki razvoja programske opreme/Projekt/Project-07/backend/debt-tracking-service"/>
    <property name="java.vm.compressedOopsMode" value="Zero based"/>
    <property name="line.separator" value="&#10;"/>
    <property name="java.specification.name" value="Java Platform API Specification"/>
    <property name="java.vm.specification.vendor" value="Oracle Corporation"/>
    <property name="apple.awt.application.name" value="ForkedBooter"/>
    <property name="surefire.real.class.path" value="/Users/svitjesenk/Documents/Fakultet/3. letnik/1. semester/Postopki razvoja programske opreme/Projekt/Project-07/backend/debt-tracking-service/target/surefire/surefirebooter-20250104234457920_12.jar"/>
    <property name="sun.management.compiler" value="HotSpot 64-Bit Tiered Compilers"/>
    <property name="java.runtime.version" value="23"/>
    <property name="user.name" value="svitjesenk"/>
    <property name="stdout.encoding" value="UTF-8"/>
    <property name="path.separator" value=":"/>
    <property name="os.version" value="15.1.1"/>
    <property name="java.runtime.name" value="OpenJDK Runtime Environment"/>
    <property name="file.encoding" value="UTF-8"/>
    <property name="java.vm.name" value="OpenJDK 64-Bit Server VM"/>
    <property name="java.vendor.version" value="Homebrew"/>
    <property name="localRepository" value="/Users/svitjesenk/.m2/repository"/>
    <property name="java.vendor.url.bug" value="https://github.com/Homebrew/homebrew-core/issues"/>
    <property name="java.io.tmpdir" value="/var/folders/t0/4zf9n8fn3mzbflwnlklr1nk00000gn/T/"/>
    <property name="java.version" value="23"/>
    <property name="user.dir" value="/Users/svitjesenk/Documents/Fakultet/3. letnik/1. semester/Postopki razvoja programske opreme/Projekt/Project-07/backend/debt-tracking-service"/>
    <property name="os.arch" value="aarch64"/>
    <property name="java.vm.specification.name" value="Java Virtual Machine Specification"/>
    <property name="native.encoding" value="UTF-8"/>
    <property name="java.library.path" value="/Users/svitjesenk/Library/Java/Extensions:/Library/Java/Extensions:/Network/Library/Java/Extensions:/System/Library/Java/Extensions:/usr/lib/java:."/>
    <property name="java.vm.info" value="mixed mode, sharing"/>
    <property name="stderr.encoding" value="UTF-8"/>
    <property name="java.vendor" value="Homebrew"/>
    <property name="java.vm.version" value="23"/>
    <property name="sun.io.unicode.encoding" value="UnicodeBig"/>
    <property name="java.class.version" value="67.0"/>
  </properties>
  <testcase name="shouldAnswerWithTrue" classname="ss.finance.AppTest" time="0.01"/>
</testsuite>